Generated at 2020-03-23 11:54:41 -0400
NoMethodError: file[/usr/share/nginx/html/index.html] (@recipe_files::/home/vagrant/chef-repo/cookbooks/bcf_nginx/recipes/default.rb line 7) had an error: NoMethodError: undefined method `exits?' for File:Class
/home/vagrant/chef-repo/cookbooks/bcf_nginx/recipes/default.rb:10:in `block (2 levels) in from_file'
/opt/chefdk/embedded/lib/ruby/gems/2.4.0/gems/chef-13.8.5/lib/chef/resource/conditional.rb:106:in `evaluate_block'
/opt/chefdk/embedded/lib/ruby/gems/2.4.0/gems/chef-13.8.5/lib/chef/resource/conditional.rb:95:in `evaluate'
/opt/chefdk/embedded/lib/ruby/gems/2.4.0/gems/chef-13.8.5/lib/chef/resource/conditional.rb:88:in `continue?'
/opt/chefdk/embedded/lib/ruby/gems/2.4.0/gems/chef-13.8.5/lib/chef/resource.rb:1439:in `block in should_skip?'
/opt/chefdk/embedded/lib/ruby/gems/2.4.0/gems/chef-13.8.5/lib/chef/resource.rb:1438:in `each'
/opt/chefdk/embedded/lib/ruby/gems/2.4.0/gems/chef-13.8.5/lib/chef/resource.rb:1438:in `find'
/opt/chefdk/embedded/lib/ruby/gems/2.4.0/gems/chef-13.8.5/lib/chef/resource.rb:1438:in `should_skip?'
/opt/chefdk/embedded/lib/ruby/gems/2.4.0/gems/chef-13.8.5/lib/chef/resource.rb:590:in `run_action'
/opt/chefdk/embedded/lib/ruby/gems/2.4.0/gems/chef-13.8.5/lib/chef/runner.rb:70:in `run_action'
/opt/chefdk/embedded/lib/ruby/gems/2.4.0/gems/chef-13.8.5/lib/chef/runner.rb:98:in `block (2 levels) in converge'
/opt/chefdk/embedded/lib/ruby/gems/2.4.0/gems/chef-13.8.5/lib/chef/runner.rb:98:in `each'
/opt/chefdk/embedded/lib/ruby/gems/2.4.0/gems/chef-13.8.5/lib/chef/runner.rb:98:in `block in converge'
/opt/chefdk/embedded/lib/ruby/gems/2.4.0/gems/chef-13.8.5/lib/chef/resource_collection/resource_list.rb:94:in `block in execute_each_resource'
/opt/chefdk/embedded/lib/ruby/gems/2.4.0/gems/chef-13.8.5/lib/chef/resource_collection/stepable_iterator.rb:114:in `call_iterator_block'
/opt/chefdk/embedded/lib/ruby/gems/2.4.0/gems/chef-13.8.5/lib/chef/resource_collection/stepable_iterator.rb:85:in `step'
/opt/chefdk/embedded/lib/ruby/gems/2.4.0/gems/chef-13.8.5/lib/chef/resource_collection/stepable_iterator.rb:103:in `iterate'
/opt/chefdk/embedded/lib/ruby/gems/2.4.0/gems/chef-13.8.5/lib/chef/resource_collection/stepable_iterator.rb:55:in `each_with_index'
/opt/chefdk/embedded/lib/ruby/gems/2.4.0/gems/chef-13.8.5/lib/chef/resource_collection/resource_list.rb:92:in `execute_each_resource'
/opt/chefdk/embedded/lib/ruby/gems/2.4.0/gems/chef-13.8.5/lib/chef/runner.rb:97:in `converge'
/opt/chefdk/embedded/lib/ruby/gems/2.4.0/gems/chef-13.8.5/lib/chef/client.rb:718:in `block in converge'
/opt/chefdk/embedded/lib/ruby/gems/2.4.0/gems/chef-13.8.5/lib/chef/client.rb:713:in `catch'
/opt/chefdk/embedded/lib/ruby/gems/2.4.0/gems/chef-13.8.5/lib/chef/client.rb:713:in `converge'
/opt/chefdk/embedded/lib/ruby/gems/2.4.0/gems/chef-13.8.5/lib/chef/client.rb:752:in `converge_and_save'
/opt/chefdk/embedded/lib/ruby/gems/2.4.0/gems/chef-13.8.5/lib/chef/client.rb:286:in `run'
/opt/chefdk/embedded/lib/ruby/gems/2.4.0/gems/chef-13.8.5/lib/chef/application.rb:292:in `block in fork_chef_client'
/opt/chefdk/embedded/lib/ruby/gems/2.4.0/gems/chef-13.8.5/lib/chef/application.rb:280:in `fork'
/opt/chefdk/embedded/lib/ruby/gems/2.4.0/gems/chef-13.8.5/lib/chef/application.rb:280:in `fork_chef_client'
/opt/chefdk/embedded/lib/ruby/gems/2.4.0/gems/chef-13.8.5/lib/chef/application.rb:245:in `block in run_chef_client'
/opt/chefdk/embedded/lib/ruby/gems/2.4.0/gems/chef-13.8.5/lib/chef/local_mode.rb:44:in `with_server_connectivity'
/opt/chefdk/embedded/lib/ruby/gems/2.4.0/gems/chef-13.8.5/lib/chef/application.rb:233:in `run_chef_client'
/opt/chefdk/embedded/lib/ruby/gems/2.4.0/gems/chef-13.8.5/lib/chef/application/client.rb:469:in `sleep_then_run_chef_client'
/opt/chefdk/embedded/lib/ruby/gems/2.4.0/gems/chef-13.8.5/lib/chef/application/client.rb:458:in `block in interval_run_chef_client'
/opt/chefdk/embedded/lib/ruby/gems/2.4.0/gems/chef-13.8.5/lib/chef/application/client.rb:457:in `loop'
/opt/chefdk/embedded/lib/ruby/gems/2.4.0/gems/chef-13.8.5/lib/chef/application/client.rb:457:in `interval_run_chef_client'
/opt/chefdk/embedded/lib/ruby/gems/2.4.0/gems/chef-13.8.5/lib/chef/application/client.rb:441:in `run_application'
/opt/chefdk/embedded/lib/ruby/gems/2.4.0/gems/chef-13.8.5/lib/chef/application.rb:59:in `run'
/opt/chefdk/embedded/lib/ruby/gems/2.4.0/gems/chef-13.8.5/bin/chef-client:26:in `<top (required)>'
/bin/chef-client:250:in `load'
/bin/chef-client:250:in `<main>'

>>>> Caused by NoMethodError: undefined method `exits?' for File:Class
/home/vagrant/chef-repo/cookbooks/bcf_nginx/recipes/default.rb:10:in `block (2 levels) in from_file'
/opt/chefdk/embedded/lib/ruby/gems/2.4.0/gems/chef-13.8.5/lib/chef/resource/conditional.rb:106:in `evaluate_block'
/opt/chefdk/embedded/lib/ruby/gems/2.4.0/gems/chef-13.8.5/lib/chef/resource/conditional.rb:95:in `evaluate'
/opt/chefdk/embedded/lib/ruby/gems/2.4.0/gems/chef-13.8.5/lib/chef/resource/conditional.rb:88:in `continue?'
/opt/chefdk/embedded/lib/ruby/gems/2.4.0/gems/chef-13.8.5/lib/chef/resource.rb:1439:in `block in should_skip?'
/opt/chefdk/embedded/lib/ruby/gems/2.4.0/gems/chef-13.8.5/lib/chef/resource.rb:1438:in `each'
/opt/chefdk/embedded/lib/ruby/gems/2.4.0/gems/chef-13.8.5/lib/chef/resource.rb:1438:in `find'
/opt/chefdk/embedded/lib/ruby/gems/2.4.0/gems/chef-13.8.5/lib/chef/resource.rb:1438:in `should_skip?'
/opt/chefdk/embedded/lib/ruby/gems/2.4.0/gems/chef-13.8.5/lib/chef/resource.rb:590:in `run_action'
/opt/chefdk/embedded/lib/ruby/gems/2.4.0/gems/chef-13.8.5/lib/chef/runner.rb:70:in `run_action'
/opt/chefdk/embedded/lib/ruby/gems/2.4.0/gems/chef-13.8.5/lib/chef/runner.rb:98:in `block (2 levels) in converge'
/opt/chefdk/embedded/lib/ruby/gems/2.4.0/gems/chef-13.8.5/lib/chef/runner.rb:98:in `each'
/opt/chefdk/embedded/lib/ruby/gems/2.4.0/gems/chef-13.8.5/lib/chef/runner.rb:98:in `block in converge'
/opt/chefdk/embedded/lib/ruby/gems/2.4.0/gems/chef-13.8.5/lib/chef/resource_collection/resource_list.rb:94:in `block in execute_each_resource'
/opt/chefdk/embedded/lib/ruby/gems/2.4.0/gems/chef-13.8.5/lib/chef/resource_collection/stepable_iterator.rb:114:in `call_iterator_block'
/opt/chefdk/embedded/lib/ruby/gems/2.4.0/gems/chef-13.8.5/lib/chef/resource_collection/stepable_iterator.rb:85:in `step'
/opt/chefdk/embedded/lib/ruby/gems/2.4.0/gems/chef-13.8.5/lib/chef/resource_collection/stepable_iterator.rb:103:in `iterate'
/opt/chefdk/embedded/lib/ruby/gems/2.4.0/gems/chef-13.8.5/lib/chef/resource_collection/stepable_iterator.rb:55:in `each_with_index'
/opt/chefdk/embedded/lib/ruby/gems/2.4.0/gems/chef-13.8.5/lib/chef/resource_collection/resource_list.rb:92:in `execute_each_resource'
/opt/chefdk/embedded/lib/ruby/gems/2.4.0/gems/chef-13.8.5/lib/chef/runner.rb:97:in `converge'
/opt/chefdk/embedded/lib/ruby/gems/2.4.0/gems/chef-13.8.5/lib/chef/client.rb:718:in `block in converge'
/opt/chefdk/embedded/lib/ruby/gems/2.4.0/gems/chef-13.8.5/lib/chef/client.rb:713:in `catch'
/opt/chefdk/embedded/lib/ruby/gems/2.4.0/gems/chef-13.8.5/lib/chef/client.rb:713:in `converge'
/opt/chefdk/embedded/lib/ruby/gems/2.4.0/gems/chef-13.8.5/lib/chef/client.rb:752:in `converge_and_save'
/opt/chefdk/embedded/lib/ruby/gems/2.4.0/gems/chef-13.8.5/lib/chef/client.rb:286:in `run'
/opt/chefdk/embedded/lib/ruby/gems/2.4.0/gems/chef-13.8.5/lib/chef/application.rb:292:in `block in fork_chef_client'
/opt/chefdk/embedded/lib/ruby/gems/2.4.0/gems/chef-13.8.5/lib/chef/application.rb:280:in `fork'
/opt/chefdk/embedded/lib/ruby/gems/2.4.0/gems/chef-13.8.5/lib/chef/application.rb:280:in `fork_chef_client'
/opt/chefdk/embedded/lib/ruby/gems/2.4.0/gems/chef-13.8.5/lib/chef/application.rb:245:in `block in run_chef_client'
/opt/chefdk/embedded/lib/ruby/gems/2.4.0/gems/chef-13.8.5/lib/chef/local_mode.rb:44:in `with_server_connectivity'
/opt/chefdk/embedded/lib/ruby/gems/2.4.0/gems/chef-13.8.5/lib/chef/application.rb:233:in `run_chef_client'
/opt/chefdk/embedded/lib/ruby/gems/2.4.0/gems/chef-13.8.5/lib/chef/application/client.rb:469:in `sleep_then_run_chef_client'
/opt/chefdk/embedded/lib/ruby/gems/2.4.0/gems/chef-13.8.5/lib/chef/application/client.rb:458:in `block in interval_run_chef_client'
/opt/chefdk/embedded/lib/ruby/gems/2.4.0/gems/chef-13.8.5/lib/chef/application/client.rb:457:in `loop'
/opt/chefdk/embedded/lib/ruby/gems/2.4.0/gems/chef-13.8.5/lib/chef/application/client.rb:457:in `interval_run_chef_client'
/opt/chefdk/embedded/lib/ruby/gems/2.4.0/gems/chef-13.8.5/lib/chef/application/client.rb:441:in `run_application'
/opt/chefdk/embedded/lib/ruby/gems/2.4.0/gems/chef-13.8.5/lib/chef/application.rb:59:in `run'
/opt/chefdk/embedded/lib/ruby/gems/2.4.0/gems/chef-13.8.5/bin/chef-client:26:in `<top (required)>'
/bin/chef-client:250:in `load'
/bin/chef-client:250:in `<main>'